<?xml version="1.0" encoding="UTF-8"?>
<!-- Generated by org.testng.reporters.JUnitXMLReporter -->
<testsuite hostname="AhmadZia" name="Command line test" tests="16" failures="0" timestamp="3 Dec 2016 03:19:47 GMT" time="45.636" errors="0">
  <testcase name="@BeforeTest setUp" time="0.0" classname="com.ahmadzia.targetWebSiteTest.AppTest$ATUReporterSampleTests">
    <failure type="org.openqa.selenium.remote.UnreachableBrowserException" message="Error communicating with the remote browser. It may have died.
Build info: version: &amp;apos;2.53.1&amp;apos;, revision: &amp;apos;a36b8b1cd5757287168e54b817830adce9b0158d&amp;apos;, time: &amp;apos;2016-06-30 19:26:09&amp;apos;
System info: host: &amp;apos;AhmadZia&amp;apos;, ip: &amp;apos;192.168.133.2&amp;apos;, os.name: &amp;apos;Windows 10&amp;apos;, os.arch: &amp;apos;amd64&amp;apos;, os.version: &amp;apos;10.0&amp;apos;, java.version: &amp;apos;1.8.0_101&amp;apos;
Driver info: driver.version: RemoteWebDriver
Capabilities [{applicationCacheEnabled=false, rotatable=false, chrome={userDataDir=C:\Users\DEFAUL~2\AppData\Local\Temp\scoped_dir9040_2467}, takesHeapSnapshot=true, databaseEnabled=false, handlesAlerts=true, version=54.0.2840.99, platform=XP, browserConnectionEnabled=false, nativeEvents=true, acceptSslCerts=true, locationContextEnabled=true, webStorageEnabled=true, browserName=chrome, takesScreenshot=true, javascriptEnabled=true, cssSelectorsEnabled=true}]
Session ID: a96e3c672e571582edbf8af7bb3d0214">
      <![CDATA[org.openqa.selenium.remote.UnreachableBrowserException: Error communicating with the remote browser. It may have died.
Build info: version: '2.53.1', revision: 'a36b8b1cd5757287168e54b817830adce9b0158d', time: '2016-06-30 19:26:09'
System info: host: 'AhmadZia', ip: '192.168.133.2', os.name: 'Windows 10', os.arch: 'amd64', os.version: '10.0', java.version: '1.8.0_101'
Driver info: driver.version: RemoteWebDriver
Capabilities [{applicationCacheEnabled=false, rotatable=false, chrome={userDataDir=C:\Users\DEFAUL~2\AppData\Local\Temp\scoped_dir9040_2467}, takesHeapSnapshot=true, databaseEnabled=false, handlesAlerts=true, version=54.0.2840.99, platform=XP, browserConnectionEnabled=false, nativeEvents=true, acceptSslCerts=true, locationContextEnabled=true, webStorageEnabled=true, browserName=chrome, takesScreenshot=true, javascriptEnabled=true, cssSelectorsEnabled=true}]
Session ID: a96e3c672e571582edbf8af7bb3d0214
	at org.openqa.selenium.remote.RemoteWebDriver.execute(RemoteWebDriver.java:665)
	at org.openqa.selenium.remote.RemoteWebDriver$RemoteWebDriverOptions$RemoteWindow.maximize(RemoteWebDriver.java:945)
	at com.ahmadzia.targetWebSiteTest.AppTest$ATUReporterSampleTests.setUp(AppTest.java:63)
Caused by: org.openqa.selenium.WebDriverException: org.apache.http.conn.HttpHostConnectException: Connect to localhost:47930 [localhost/127.0.0.1, localhost/0:0:0:0:0:0:0:1] failed: Connection refused: connect
Build info: version: '2.53.1', revision: 'a36b8b1cd5757287168e54b817830adce9b0158d', time: '2016-06-30 19:26:09'
System info: host: 'AhmadZia', ip: '192.168.133.2', os.name: 'Windows 10', os.arch: 'amd64', os.version: '10.0', java.version: '1.8.0_101'
Driver info: driver.version: RemoteWebDriver
	at org.openqa.selenium.remote.service.DriverCommandExecutor.execute(DriverCommandExecutor.java:91)
	at org.openqa.selenium.remote.RemoteWebDriver.execute(RemoteWebDriver.java:644)
	... 33 more
Caused by: org.apache.http.conn.HttpHostConnectException: Connect to localhost:47930 [localhost/127.0.0.1, localhost/0:0:0:0:0:0:0:1] failed: Connection refused: connect
	at org.apache.http.impl.conn.DefaultHttpClientConnectionOperator.connect(DefaultHttpClientConnectionOperator.java:151)
	at org.apache.http.impl.conn.PoolingHttpClientConnectionManager.connect(PoolingHttpClientConnectionManager.java:353)
	at org.apache.http.impl.execchain.MainClientExec.establishRoute(MainClientExec.java:380)
	at org.apache.http.impl.execchain.MainClientExec.execute(MainClientExec.java:236)
	at org.apache.http.impl.execchain.ProtocolExec.execute(ProtocolExec.java:184)
	at org.apache.http.impl.execchain.RetryExec.execute(RetryExec.java:88)
	at org.apache.http.impl.execchain.RedirectExec.execute(RedirectExec.java:110)
	at org.apache.http.impl.client.InternalHttpClient.doExecute(InternalHttpClient.java:184)
	at org.apache.http.impl.client.CloseableHttpClient.execute(CloseableHttpClient.java:71)
	at org.apache.http.impl.client.CloseableHttpClient.execute(CloseableHttpClient.java:55)
	at org.openqa.selenium.remote.internal.ApacheHttpClient.fallBackExecute(ApacheHttpClient.java:144)
	at org.openqa.selenium.remote.internal.ApacheHttpClient.execute(ApacheHttpClient.java:90)
	at org.openqa.selenium.remote.HttpCommandExecutor.execute(HttpCommandExecutor.java:142)
	at org.openqa.selenium.remote.service.DriverCommandExecutor.execute(DriverCommandExecutor.java:82)
	... 34 more
Caused by: java.net.ConnectException: Connection refused: connect
	at java.net.DualStackPlainSocketImpl.waitForConnect(Native Method)
	at java.net.DualStackPlainSocketImpl.socketConnect(DualStackPlainSocketImpl.java:85)
	at java.net.AbstractPlainSocketImpl.doConnect(AbstractPlainSocketImpl.java:350)
	at java.net.AbstractPlainSocketImpl.connectToAddress(AbstractPlainSocketImpl.java:206)
	at java.net.AbstractPlainSocketImpl.connect(AbstractPlainSocketImpl.java:188)
	at java.net.PlainSocketImpl.connect(PlainSocketImpl.java:172)
	at java.net.SocksSocketImpl.connect(SocksSocketImpl.java:392)
	at java.net.Socket.connect(Socket.java:589)
	at org.apache.http.conn.socket.PlainConnectionSocketFactory.connectSocket(PlainConnectionSocketFactory.java:74)
	at org.apache.http.impl.conn.DefaultHttpClientConnectionOperator.connect(DefaultHttpClientConnectionOperator.java:134)
	... 47 more
... Removed 31 stack frames]]>
    </failure>
  </testcase> <!-- @BeforeTest setUp -->
  <testcase name="@AfterTest tearDown" time="0.0" classname="com.ahmadzia.targetWebSiteTest.AppTest$ATUReporterSampleTests">
    <skipped/>
  </testcase> <!-- @AfterTest tearDown -->
  <testcase name="OpenWebPage_AddFirstItem" time="2.008" classname="com.ahmadzia.targetWebSiteTest.AppTest$ATUReporterSampleTests">
    <skipped/>
  </testcase> <!-- OpenWebPage_AddFirstItem -->
  <testcase name="CheckCartQuantity" time="2.016" classname="com.ahmadzia.targetWebSiteTest.AppTest$ATUReporterSampleTests">
    <skipped/>
  </testcase> <!-- CheckCartQuantity -->
  <testcase name="SearchFirstItemAndAddIt" time="2.02" classname="com.ahmadzia.targetWebSiteTest.AppTest$ATUReporterSampleTests">
    <skipped/>
  </testcase> <!-- SearchFirstItemAndAddIt -->
  <testcase name="IncreaseQuantity" time="2.025" classname="com.ahmadzia.targetWebSiteTest.AppTest$ATUReporterSampleTests">
    <skipped/>
  </testcase> <!-- IncreaseQuantity -->
  <testcase name="DecreaseQuantity" time="2.015" classname="com.ahmadzia.targetWebSiteTest.AppTest$ATUReporterSampleTests">
    <skipped/>
  </testcase> <!-- DecreaseQuantity -->
  <testcase name="RemoveFromCart" time="2.026" classname="com.ahmadzia.targetWebSiteTest.AppTest$ATUReporterSampleTests">
    <skipped/>
  </testcase> <!-- RemoveFromCart -->
  <testcase name="SearchSecondItem" time="2.019" classname="com.ahmadzia.targetWebSiteTest.AppTest$ATUReporterSampleTests">
    <skipped/>
  </testcase> <!-- SearchSecondItem -->
  <testcase name="AddSecondItem" time="2.008" classname="com.ahmadzia.targetWebSiteTest.AppTest$ATUReporterSampleTests">
    <skipped/>
  </testcase> <!-- AddSecondItem -->
  <testcase name="IncreaseDecreaseSecondItem" time="2.015" classname="com.ahmadzia.targetWebSiteTest.AppTest$ATUReporterSampleTests">
    <skipped/>
  </testcase> <!-- IncreaseDecreaseSecondItem -->
  <testcase name="SearchThirdItem" time="2.007" classname="com.ahmadzia.targetWebSiteTest.AppTest$ATUReporterSampleTests">
    <skipped/>
  </testcase> <!-- SearchThirdItem -->
  <testcase name="AddThirdItem" time="2.028" classname="com.ahmadzia.targetWebSiteTest.AppTest$ATUReporterSampleTests">
    <skipped/>
  </testcase> <!-- AddThirdItem -->
  <testcase name="ReadyToCheckOut" time="2.005" classname="com.ahmadzia.targetWebSiteTest.AppTest$ATUReporterSampleTests">
    <skipped/>
  </testcase> <!-- ReadyToCheckOut -->
  <testcase name="CheckOutAsGuest" time="2.006" classname="com.ahmadzia.targetWebSiteTest.AppTest$ATUReporterSampleTests">
    <skipped/>
  </testcase> <!-- CheckOutAsGuest -->
  <testcase name="ReadExcel" time="2.018" classname="com.ahmadzia.targetWebSiteTest.AppTest$ATUReporterSampleTests">
    <skipped/>
  </testcase> <!-- ReadExcel -->
  <testcase name="SaveContinous" time="2.038" classname="com.ahmadzia.targetWebSiteTest.AppTest$ATUReporterSampleTests">
    <skipped/>
  </testcase> <!-- SaveContinous -->
  <testcase name="InsertCreditCardNum" time="2.036" classname="com.ahmadzia.targetWebSiteTest.AppTest$ATUReporterSampleTests">
    <skipped/>
  </testcase> <!-- InsertCreditCardNum -->
</testsuite> <!-- Command line test -->
