<html>
<head>
<title>TestNG:  Default test</title>
<link href="../testng.css" rel="stylesheet" type="text/css" />
<link href="../my-testng.css" rel="stylesheet" type="text/css" />

<style type="text/css">
.log { display: none;} 
.stack-trace { display: none;} 
</style>
<script type="text/javascript">
<!--
function flip(e) {
  current = e.style.display;
  if (current == 'block') {
    e.style.display = 'none';
    return 0;
  }
  else {
    e.style.display = 'block';
    return 1;
  }
}

function toggleBox(szDivId, elem, msg1, msg2)
{
  var res = -1;  if (document.getElementById) {
    res = flip(document.getElementById(szDivId));
  }
  else if (document.all) {
    // this is the way old msie versions work
    res = flip(document.all[szDivId]);
  }
  if(elem) {
    if(res == 0) elem.innerHTML = msg1; else elem.innerHTML = msg2;
  }

}

function toggleAllBoxes() {
  if (document.getElementsByTagName) {
    d = document.getElementsByTagName('div');
    for (i = 0; i < d.length; i++) {
      if (d[i].className == 'log') {
        flip(d[i]);
      }
    }
  }
}

// -->
</script>

</head>
<body>
<h2 align='center'>Default test</h2><table border='1' align="center">
<tr>
<td>Tests passed/Failed/Skipped:</td><td>16/0/0</td>
</tr><tr>
<td>Started on:</td><td>Thu Jan 12 22:46:52 EST 2017</td>
</tr>
<tr><td>Total time:</td><td>65 seconds (65246 ms)</td>
</tr><tr>
<td>Included groups:</td><td></td>
</tr><tr>
<td>Excluded groups:</td><td></td>
</tr>
</table><p/>
<small><i>(Hover the method name to see the test class name)</i></small><p/>
<table width='100%' border='1' class='invocation-failed'>
<tr><td colspan='4' align='center'><b>FAILED CONFIGURATIONS</b></td></tr>
<tr><td><b>Test method</b></td>
<td width="30%"><b>Exception</b></td>
<td width="10%"><b>Time (seconds)</b></td>
<td><b>Instance</b></td>
</tr>
<tr>
<td title='com.ahmadzia.targetWebSiteTest.AppTest$ATUReporterSampleTests.tearDown()'><b>tearDown</b><br>Test class: com.ahmadzia.targetWebSiteTest.AppTest$ATUReporterSampleTests</td>
<td><div><pre>org.openqa.selenium.remote.UnreachableBrowserException: Error communicating with the remote browser. It may have died.
Build info: version: &apos;3.0.0-beta2&apos;, revision: &apos;2aa21c1&apos;, time: &apos;2016-08-02 15:03:28 -0700&apos;
System info: host: &apos;AhmadZia&apos;, ip: &apos;192.168.133.2&apos;, os.name: &apos;Windows 10&apos;, os.arch: &apos;amd64&apos;, os.version: &apos;10.0&apos;, java.version: &apos;1.8.0_111&apos;
Driver info: driver.version: RemoteWebDriver
Capabilities [{rotatable=false, raisesAccessibilityExceptions=false, appBuildId=20161208153507, version=, platform=XP, proxy={}, command_id=1, specificationLevel=0, acceptSslCerts=false, processId=9172, browserVersion=50.1.0, platformVersion=10.0, XULappId={ec8030f7-c20a-464f-9b0e-13a3a9e97384}, browserName=firefox, takesScreenshot=true, takesElementScreenshot=true, platformName=windows_nt}]
Session ID: c087deb9-9960-4e27-a126-58337a3a9071
	at org.openqa.selenium.remote.RemoteWebDriver.execute(RemoteWebDriver.java:670)
	at org.openqa.selenium.remote.RemoteWebDriver.execute(RemoteWebDriver.java:706)
	at org.openqa.selenium.remote.RemoteWebDriver.quit(RemoteWebDriver.java:531)
	at com.ahmadzia.targetWebSiteTest.AppTest$ATUReporterSampleTests.tearDown(AppTest.java:68)
	at sun.reflect.NativeMethodAccessorImpl.invoke0(Native Method)
	at sun.reflect.NativeMethodAccessorImpl.invoke(Unknown Source)
	at sun.reflect.DelegatingMethodAccessorImpl.invoke(Unknown Source)
	at java.lang.reflect.Method.invoke(Unknown Source)
	at org.testng.internal.MethodInvocationHelper.invokeMethod(MethodInvocationHelper.java:100)
	at org.testng.internal.Invoker.invokeConfigurationMethod(Invoker.java:515)
	at org.testng.internal.Invoker.invokeConfigurations(Invoker.java:216)
	at org.testng.internal.Invoker.invokeConfigurations(Invoker.java:143)
	at org.testng.TestRunner.afterRun(TestRunner.java:980)
	at org.testng.TestRunner.run(TestRunner.java:611)
	at org.testng.SuiteRunner.runTest(SuiteRunner.java:368)
	at org.testng.SuiteRunner.runSequentially(SuiteRunner.java:363)
	at org.testng.SuiteRunner.privateRun(SuiteRunner.java:321)
	at org.testng.SuiteRunner.run(SuiteRunner.java:270)
	at org.testng.SuiteRunnerWorker.runSuite(SuiteRunnerWorker.java:52)
	at org.testng.SuiteRunnerWorker.run(SuiteRunnerWorker.java:86)
	at org.testng.TestNG.runSuitesSequentially(TestNG.java:1284)
	at org.testng.TestNG.runSuitesLocally(TestNG.java:1209)
	at org.testng.TestNG.runSuites(TestNG.java:1124)
	at org.testng.TestNG.run(TestNG.java:1096)
	at org.testng.remote.AbstractRemoteTestNG.run(AbstractRemoteTestNG.java:132)
	at org.testng.remote.RemoteTestNG.initAndRun(RemoteTestNG.java:236)
	at org.testng.remote.RemoteTestNG.main(RemoteTestNG.java:81)
Caused by: java.lang.IllegalStateException: UnixUtils may not be used on Windows
	at org.openqa.selenium.os.ProcessUtils.getProcessId(ProcessUtils.java:188)
	at org.openqa.selenium.os.UnixProcess$SeleniumWatchDog.getPID(UnixProcess.java:222)
	at org.openqa.selenium.os.UnixProcess$SeleniumWatchDog.access$300(UnixProcess.java:201)
	at org.openqa.selenium.os.UnixProcess.destroy(UnixProcess.java:132)
	at org.openqa.selenium.os.CommandLine.destroy(CommandLine.java:155)
	at org.openqa.selenium.remote.service.DriverService.stop(DriverService.java:196)
	at org.openqa.selenium.remote.service.DriverCommandExecutor.execute(DriverCommandExecutor.java:94)
	at org.openqa.selenium.remote.RemoteWebDriver.execute(RemoteWebDriver.java:649)
	... 26 more
</pre></div><a href='#' onClick='toggleBox("stack-trace1076071888", this, "Click to show all stack frames", "Click to hide stack frames")'>Click to show all stack frames</a>
<div class='stack-trace' id='stack-trace1076071888'><pre>org.openqa.selenium.remote.UnreachableBrowserException: Error communicating with the remote browser. It may have died.
Build info: version: &apos;3.0.0-beta2&apos;, revision: &apos;2aa21c1&apos;, time: &apos;2016-08-02 15:03:28 -0700&apos;
System info: host: &apos;AhmadZia&apos;, ip: &apos;192.168.133.2&apos;, os.name: &apos;Windows 10&apos;, os.arch: &apos;amd64&apos;, os.version: &apos;10.0&apos;, java.version: &apos;1.8.0_111&apos;
Driver info: driver.version: RemoteWebDriver
Capabilities [{rotatable=false, raisesAccessibilityExceptions=false, appBuildId=20161208153507, version=, platform=XP, proxy={}, command_id=1, specificationLevel=0, acceptSslCerts=false, processId=9172, browserVersion=50.1.0, platformVersion=10.0, XULappId={ec8030f7-c20a-464f-9b0e-13a3a9e97384}, browserName=firefox, takesScreenshot=true, takesElementScreenshot=true, platformName=windows_nt}]
Session ID: c087deb9-9960-4e27-a126-58337a3a9071
	at org.openqa.selenium.remote.RemoteWebDriver.execute(RemoteWebDriver.java:670)
	at org.openqa.selenium.remote.RemoteWebDriver.execute(RemoteWebDriver.java:706)
	at org.openqa.selenium.remote.RemoteWebDriver.quit(RemoteWebDriver.java:531)
	at com.ahmadzia.targetWebSiteTest.AppTest$ATUReporterSampleTests.tearDown(AppTest.java:68)
	at sun.reflect.NativeMethodAccessorImpl.invoke0(Native Method)
	at sun.reflect.NativeMethodAccessorImpl.invoke(Unknown Source)
	at sun.reflect.DelegatingMethodAccessorImpl.invoke(Unknown Source)
	at java.lang.reflect.Method.invoke(Unknown Source)
	at org.testng.internal.MethodInvocationHelper.invokeMethod(MethodInvocationHelper.java:100)
	at org.testng.internal.Invoker.invokeConfigurationMethod(Invoker.java:515)
	at org.testng.internal.Invoker.invokeConfigurations(Invoker.java:216)
	at org.testng.internal.Invoker.invokeConfigurations(Invoker.java:143)
	at org.testng.TestRunner.afterRun(TestRunner.java:980)
	at org.testng.TestRunner.run(TestRunner.java:611)
	at org.testng.SuiteRunner.runTest(SuiteRunner.java:368)
	at org.testng.SuiteRunner.runSequentially(SuiteRunner.java:363)
	at org.testng.SuiteRunner.privateRun(SuiteRunner.java:321)
	at org.testng.SuiteRunner.run(SuiteRunner.java:270)
	at org.testng.SuiteRunnerWorker.runSuite(SuiteRunnerWorker.java:52)
	at org.testng.SuiteRunnerWorker.run(SuiteRunnerWorker.java:86)
	at org.testng.TestNG.runSuitesSequentially(TestNG.java:1284)
	at org.testng.TestNG.runSuitesLocally(TestNG.java:1209)
	at org.testng.TestNG.runSuites(TestNG.java:1124)
	at org.testng.TestNG.run(TestNG.java:1096)
	at org.testng.remote.AbstractRemoteTestNG.run(AbstractRemoteTestNG.java:132)
	at org.testng.remote.RemoteTestNG.initAndRun(RemoteTestNG.java:236)
	at org.testng.remote.RemoteTestNG.main(RemoteTestNG.java:81)
Caused by: java.lang.IllegalStateException: UnixUtils may not be used on Windows
	at org.openqa.selenium.os.ProcessUtils.getProcessId(ProcessUtils.java:188)
	at org.openqa.selenium.os.UnixProcess$SeleniumWatchDog.getPID(UnixProcess.java:222)
	at org.openqa.selenium.os.UnixProcess$SeleniumWatchDog.access$300(UnixProcess.java:201)
	at org.openqa.selenium.os.UnixProcess.destroy(UnixProcess.java:132)
	at org.openqa.selenium.os.CommandLine.destroy(CommandLine.java:155)
	at org.openqa.selenium.remote.service.DriverService.stop(DriverService.java:196)
	at org.openqa.selenium.remote.service.DriverCommandExecutor.execute(DriverCommandExecutor.java:94)
	at org.openqa.selenium.remote.RemoteWebDriver.execute(RemoteWebDriver.java:649)
	... 26 more
</pre></div></td>
<td>0</td>
<td>null</td></tr>
</table><p>
<table width='100%' border='1' class='invocation-passed'>
<tr><td colspan='4' align='center'><b>PASSED TESTS</b></td></tr>
<tr><td><b>Test method</b></td>
<td width="30%"><b>Exception</b></td>
<td width="10%"><b>Time (seconds)</b></td>
<td><b>Instance</b></td>
</tr>
<tr>
<td title='com.ahmadzia.targetWebSiteTest.AppTest$ATUReporterSampleTests.AddSecondItem()'><b>AddSecondItem</b><br>Test class: com.ahmadzia.targetWebSiteTest.AppTest$ATUReporterSampleTests</td>
<td></td>
<td>4</td>
<td>com.ahmadzia.targetWebSiteTest.AppTest$ATUReporterSampleTests@3f49dace</td></tr>
<tr>
<td title='com.ahmadzia.targetWebSiteTest.AppTest$ATUReporterSampleTests.AddThirdItem()'><b>AddThirdItem</b><br>Test class: com.ahmadzia.targetWebSiteTest.AppTest$ATUReporterSampleTests</td>
<td></td>
<td>4</td>
<td>com.ahmadzia.targetWebSiteTest.AppTest$ATUReporterSampleTests@3f49dace</td></tr>
<tr>
<td title='com.ahmadzia.targetWebSiteTest.AppTest$ATUReporterSampleTests.CheckCartQuantity()'><b>CheckCartQuantity</b><br>Test class: com.ahmadzia.targetWebSiteTest.AppTest$ATUReporterSampleTests</td>
<td></td>
<td>0</td>
<td>com.ahmadzia.targetWebSiteTest.AppTest$ATUReporterSampleTests@3f49dace</td></tr>
<tr>
<td title='com.ahmadzia.targetWebSiteTest.AppTest$ATUReporterSampleTests.CheckOutAsGuest()'><b>CheckOutAsGuest</b><br>Test class: com.ahmadzia.targetWebSiteTest.AppTest$ATUReporterSampleTests</td>
<td></td>
<td>4</td>
<td>com.ahmadzia.targetWebSiteTest.AppTest$ATUReporterSampleTests@3f49dace</td></tr>
<tr>
<td title='com.ahmadzia.targetWebSiteTest.AppTest$ATUReporterSampleTests.DecreaseQuantity()'><b>DecreaseQuantity</b><br>Test class: com.ahmadzia.targetWebSiteTest.AppTest$ATUReporterSampleTests</td>
<td></td>
<td>2</td>
<td>com.ahmadzia.targetWebSiteTest.AppTest$ATUReporterSampleTests@3f49dace</td></tr>
<tr>
<td title='com.ahmadzia.targetWebSiteTest.AppTest$ATUReporterSampleTests.IncreaseDecreaseSecondItem()'><b>IncreaseDecreaseSecondItem</b><br>Test class: com.ahmadzia.targetWebSiteTest.AppTest$ATUReporterSampleTests</td>
<td></td>
<td>8</td>
<td>com.ahmadzia.targetWebSiteTest.AppTest$ATUReporterSampleTests@3f49dace</td></tr>
<tr>
<td title='com.ahmadzia.targetWebSiteTest.AppTest$ATUReporterSampleTests.IncreaseQuantity()'><b>IncreaseQuantity</b><br>Test class: com.ahmadzia.targetWebSiteTest.AppTest$ATUReporterSampleTests</td>
<td></td>
<td>3</td>
<td>com.ahmadzia.targetWebSiteTest.AppTest$ATUReporterSampleTests@3f49dace</td></tr>
<tr>
<td title='com.ahmadzia.targetWebSiteTest.AppTest$ATUReporterSampleTests.InsertCreditCardNum()'><b>InsertCreditCardNum</b><br>Test class: com.ahmadzia.targetWebSiteTest.AppTest$ATUReporterSampleTests</td>
<td></td>
<td>2</td>
<td>com.ahmadzia.targetWebSiteTest.AppTest$ATUReporterSampleTests@3f49dace</td></tr>
<tr>
<td title='com.ahmadzia.targetWebSiteTest.AppTest$ATUReporterSampleTests.OpenWebPage_AddFirstItem()'><b>OpenWebPage_AddFirstItem</b><br>Test class: com.ahmadzia.targetWebSiteTest.AppTest$ATUReporterSampleTests</td>
<td></td>
<td>3</td>
<td>com.ahmadzia.targetWebSiteTest.AppTest$ATUReporterSampleTests@3f49dace</td></tr>
<tr>
<td title='com.ahmadzia.targetWebSiteTest.AppTest$ATUReporterSampleTests.ReadExcel()'><b>ReadExcel</b><br>Test class: com.ahmadzia.targetWebSiteTest.AppTest$ATUReporterSampleTests</td>
<td></td>
<td>5</td>
<td>com.ahmadzia.targetWebSiteTest.AppTest$ATUReporterSampleTests@3f49dace</td></tr>
<tr>
<td title='com.ahmadzia.targetWebSiteTest.AppTest$ATUReporterSampleTests.ReadyToCheckOut()'><b>ReadyToCheckOut</b><br>Test class: com.ahmadzia.targetWebSiteTest.AppTest$ATUReporterSampleTests</td>
<td></td>
<td>2</td>
<td>com.ahmadzia.targetWebSiteTest.AppTest$ATUReporterSampleTests@3f49dace</td></tr>
<tr>
<td title='com.ahmadzia.targetWebSiteTest.AppTest$ATUReporterSampleTests.RemoveFromCart()'><b>RemoveFromCart</b><br>Test class: com.ahmadzia.targetWebSiteTest.AppTest$ATUReporterSampleTests</td>
<td></td>
<td>0</td>
<td>com.ahmadzia.targetWebSiteTest.AppTest$ATUReporterSampleTests@3f49dace</td></tr>
<tr>
<td title='com.ahmadzia.targetWebSiteTest.AppTest$ATUReporterSampleTests.SaveContinous()'><b>SaveContinous</b><br>Test class: com.ahmadzia.targetWebSiteTest.AppTest$ATUReporterSampleTests</td>
<td></td>
<td>2</td>
<td>com.ahmadzia.targetWebSiteTest.AppTest$ATUReporterSampleTests@3f49dace</td></tr>
<tr>
<td title='com.ahmadzia.targetWebSiteTest.AppTest$ATUReporterSampleTests.SearchFirstItemAndAddIt()'><b>SearchFirstItemAndAddIt</b><br>Test class: com.ahmadzia.targetWebSiteTest.AppTest$ATUReporterSampleTests</td>
<td></td>
<td>4</td>
<td>com.ahmadzia.targetWebSiteTest.AppTest$ATUReporterSampleTests@3f49dace</td></tr>
<tr>
<td title='com.ahmadzia.targetWebSiteTest.AppTest$ATUReporterSampleTests.SearchSecondItem()'><b>SearchSecondItem</b><br>Test class: com.ahmadzia.targetWebSiteTest.AppTest$ATUReporterSampleTests</td>
<td></td>
<td>2</td>
<td>com.ahmadzia.targetWebSiteTest.AppTest$ATUReporterSampleTests@3f49dace</td></tr>
<tr>
<td title='com.ahmadzia.targetWebSiteTest.AppTest$ATUReporterSampleTests.SearchThirdItem()'><b>SearchThirdItem</b><br>Test class: com.ahmadzia.targetWebSiteTest.AppTest$ATUReporterSampleTests</td>
<td></td>
<td>0</td>
<td>com.ahmadzia.targetWebSiteTest.AppTest$ATUReporterSampleTests@3f49dace</td></tr>
</table><p>
</body>
</html>