<?xml version="1.0" encoding="UTF-8"?>
<!-- Generated by org.testng.reporters.JUnitXMLReporter -->
<testsuite hostname="AhmadZia" name="Default test" tests="16" failures="0" timestamp="13 Jan 2017 03:47:57 GMT" time="65.246" errors="0">
  <testcase name="@AfterTest tearDown" time="0.0" classname="com.ahmadzia.targetWebSiteTest.AppTest$ATUReporterSampleTests">
    <failure type="org.openqa.selenium.remote.UnreachableBrowserException" message="Error communicating with the remote browser. It may have died.
Build info: version: &amp;apos;3.0.0-beta2&amp;apos;, revision: &amp;apos;2aa21c1&amp;apos;, time: &amp;apos;2016-08-02 15:03:28 -0700&amp;apos;
System info: host: &amp;apos;AhmadZia&amp;apos;, ip: &amp;apos;192.168.133.2&amp;apos;, os.name: &amp;apos;Windows 10&amp;apos;, os.arch: &amp;apos;amd64&amp;apos;, os.version: &amp;apos;10.0&amp;apos;, java.version: &amp;apos;1.8.0_111&amp;apos;
Driver info: driver.version: RemoteWebDriver
Capabilities [{rotatable=false, raisesAccessibilityExceptions=false, appBuildId=20161208153507, version=, platform=XP, proxy={}, command_id=1, specificationLevel=0, acceptSslCerts=false, processId=9172, browserVersion=50.1.0, platformVersion=10.0, XULappId={ec8030f7-c20a-464f-9b0e-13a3a9e97384}, browserName=firefox, takesScreenshot=true, takesElementScreenshot=true, platformName=windows_nt}]
Session ID: c087deb9-9960-4e27-a126-58337a3a9071">
      <![CDATA[org.openqa.selenium.remote.UnreachableBrowserException: Error communicating with the remote browser. It may have died.
Build info: version: '3.0.0-beta2', revision: '2aa21c1', time: '2016-08-02 15:03:28 -0700'
System info: host: 'AhmadZia', ip: '192.168.133.2', os.name: 'Windows 10', os.arch: 'amd64', os.version: '10.0', java.version: '1.8.0_111'
Driver info: driver.version: RemoteWebDriver
Capabilities [{rotatable=false, raisesAccessibilityExceptions=false, appBuildId=20161208153507, version=, platform=XP, proxy={}, command_id=1, specificationLevel=0, acceptSslCerts=false, processId=9172, browserVersion=50.1.0, platformVersion=10.0, XULappId={ec8030f7-c20a-464f-9b0e-13a3a9e97384}, browserName=firefox, takesScreenshot=true, takesElementScreenshot=true, platformName=windows_nt}]
Session ID: c087deb9-9960-4e27-a126-58337a3a9071
	at org.openqa.selenium.remote.RemoteWebDriver.execute(RemoteWebDriver.java:670)
	at org.openqa.selenium.remote.RemoteWebDriver.execute(RemoteWebDriver.java:706)
	at org.openqa.selenium.remote.RemoteWebDriver.quit(RemoteWebDriver.java:531)
	at com.ahmadzia.targetWebSiteTest.AppTest$ATUReporterSampleTests.tearDown(AppTest.java:68)
	at sun.reflect.NativeMethodAccessorImpl.invoke0(Native Method)
	at sun.reflect.NativeMethodAccessorImpl.invoke(Unknown Source)
	at sun.reflect.DelegatingMethodAccessorImpl.invoke(Unknown Source)
	at java.lang.reflect.Method.invoke(Unknown Source)
	at org.testng.internal.MethodInvocationHelper.invokeMethod(MethodInvocationHelper.java:100)
	at org.testng.internal.Invoker.invokeConfigurationMethod(Invoker.java:515)
	at org.testng.internal.Invoker.invokeConfigurations(Invoker.java:216)
	at org.testng.internal.Invoker.invokeConfigurations(Invoker.java:143)
	at org.testng.TestRunner.afterRun(TestRunner.java:980)
	at org.testng.TestRunner.run(TestRunner.java:611)
	at org.testng.SuiteRunner.runTest(SuiteRunner.java:368)
	at org.testng.SuiteRunner.runSequentially(SuiteRunner.java:363)
	at org.testng.SuiteRunner.privateRun(SuiteRunner.java:321)
	at org.testng.SuiteRunner.run(SuiteRunner.java:270)
	at org.testng.SuiteRunnerWorker.runSuite(SuiteRunnerWorker.java:52)
	at org.testng.SuiteRunnerWorker.run(SuiteRunnerWorker.java:86)
	at org.testng.TestNG.runSuitesSequentially(TestNG.java:1284)
	at org.testng.TestNG.runSuitesLocally(TestNG.java:1209)
	at org.testng.TestNG.runSuites(TestNG.java:1124)
	at org.testng.TestNG.run(TestNG.java:1096)
	at org.testng.remote.AbstractRemoteTestNG.run(AbstractRemoteTestNG.java:132)
	at org.testng.remote.RemoteTestNG.initAndRun(RemoteTestNG.java:236)
	at org.testng.remote.RemoteTestNG.main(RemoteTestNG.java:81)
Caused by: java.lang.IllegalStateException: UnixUtils may not be used on Windows
	at org.openqa.selenium.os.ProcessUtils.getProcessId(ProcessUtils.java:188)
	at org.openqa.selenium.os.UnixProcess$SeleniumWatchDog.getPID(UnixProcess.java:222)
	at org.openqa.selenium.os.UnixProcess$SeleniumWatchDog.access$300(UnixProcess.java:201)
	at org.openqa.selenium.os.UnixProcess.destroy(UnixProcess.java:132)
	at org.openqa.selenium.os.CommandLine.destroy(CommandLine.java:155)
	at org.openqa.selenium.remote.service.DriverService.stop(DriverService.java:196)
	at org.openqa.selenium.remote.service.DriverCommandExecutor.execute(DriverCommandExecutor.java:94)
	at org.openqa.selenium.remote.RemoteWebDriver.execute(RemoteWebDriver.java:649)
	... 26 more
]]>
    </failure>
  </testcase> <!-- @AfterTest tearDown -->
  <testcase name="OpenWebPage_AddFirstItem" time="3.86" classname="com.ahmadzia.targetWebSiteTest.AppTest$ATUReporterSampleTests"/>
  <testcase name="CheckCartQuantity" time="0.272" classname="com.ahmadzia.targetWebSiteTest.AppTest$ATUReporterSampleTests"/>
  <testcase name="SearchFirstItemAndAddIt" time="4.631" classname="com.ahmadzia.targetWebSiteTest.AppTest$ATUReporterSampleTests"/>
  <testcase name="IncreaseQuantity" time="3.851" classname="com.ahmadzia.targetWebSiteTest.AppTest$ATUReporterSampleTests"/>
  <testcase name="DecreaseQuantity" time="2.732" classname="com.ahmadzia.targetWebSiteTest.AppTest$ATUReporterSampleTests"/>
  <testcase name="RemoveFromCart" time="0.388" classname="com.ahmadzia.targetWebSiteTest.AppTest$ATUReporterSampleTests"/>
  <testcase name="SearchSecondItem" time="2.152" classname="com.ahmadzia.targetWebSiteTest.AppTest$ATUReporterSampleTests"/>
  <testcase name="AddSecondItem" time="4.983" classname="com.ahmadzia.targetWebSiteTest.AppTest$ATUReporterSampleTests"/>
  <testcase name="IncreaseDecreaseSecondItem" time="8.105" classname="com.ahmadzia.targetWebSiteTest.AppTest$ATUReporterSampleTests"/>
  <testcase name="SearchThirdItem" time="0.719" classname="com.ahmadzia.targetWebSiteTest.AppTest$ATUReporterSampleTests"/>
  <testcase name="AddThirdItem" time="4.766" classname="com.ahmadzia.targetWebSiteTest.AppTest$ATUReporterSampleTests"/>
  <testcase name="ReadyToCheckOut" time="2.883" classname="com.ahmadzia.targetWebSiteTest.AppTest$ATUReporterSampleTests"/>
  <testcase name="CheckOutAsGuest" time="4.362" classname="com.ahmadzia.targetWebSiteTest.AppTest$ATUReporterSampleTests"/>
  <testcase name="ReadExcel" time="5.788" classname="com.ahmadzia.targetWebSiteTest.AppTest$ATUReporterSampleTests"/>
  <testcase name="SaveContinous" time="2.784" classname="com.ahmadzia.targetWebSiteTest.AppTest$ATUReporterSampleTests"/>
  <testcase name="InsertCreditCardNum" time="2.492" classname="com.ahmadzia.targetWebSiteTest.AppTest$ATUReporterSampleTests"/>
</testsuite> <!-- Default test -->
