<?xml version="1.0" encoding="UTF-8"?>
<testng-results skipped="16" failed="0" total="16" passed="0">
  <reporter-output>
  </reporter-output>
  <suite name="com.ahmadzia.targetWebSiteTest.AppTest" duration-ms="45636" started-at="2016-12-03T03:19:01Z" finished-at="2016-12-03T03:19:47Z">
    <groups>
    </groups>
    <test name="Command line test" duration-ms="45636" started-at="2016-12-03T03:19:01Z" finished-at="2016-12-03T03:19:47Z">
      <class name="com.ahmadzia.targetWebSiteTest.AppTest$ATUReporterSampleTests">
        <test-method status="FAIL" signature="setUp()[pri:0, instance:com.ahmadzia.targetWebSiteTest.AppTest$ATUReporterSampleTests@59e84876]" name="setUp" is-config="true" duration-ms="0" started-at="2016-12-02T22:19:01Z" finished-at="2016-12-02T22:19:01Z">
          <exception class="org.openqa.selenium.remote.UnreachableBrowserException">
            <message>
              <![CDATA[Error communicating with the remote browser. It may have died.
Build info: version: '2.53.1', revision: 'a36b8b1cd5757287168e54b817830adce9b0158d', time: '2016-06-30 19:26:09'
System info: host: 'AhmadZia', ip: '192.168.133.2', os.name: 'Windows 10', os.arch: 'amd64', os.version: '10.0', java.version: '1.8.0_101'
Driver info: driver.version: RemoteWebDriver
Capabilities [{applicationCacheEnabled=false, rotatable=false, chrome={userDataDir=C:\Users\DEFAUL~2\AppData\Local\Temp\scoped_dir9040_2467}, takesHeapSnapshot=true, databaseEnabled=false, handlesAlerts=true, version=54.0.2840.99, platform=XP, browserConnectionEnabled=false, nativeEvents=true, acceptSslCerts=true, locationContextEnabled=true, webStorageEnabled=true, browserName=chrome, takesScreenshot=true, javascriptEnabled=true, cssSelectorsEnabled=true}]
Session ID: a96e3c672e571582edbf8af7bb3d0214]]>
            </message>
            <full-stacktrace>
              <![CDATA[org.openqa.selenium.remote.UnreachableBrowserException: Error communicating with the remote browser. It may have died.
Build info: version: '2.53.1', revision: 'a36b8b1cd5757287168e54b817830adce9b0158d', time: '2016-06-30 19:26:09'
System info: host: 'AhmadZia', ip: '192.168.133.2', os.name: 'Windows 10', os.arch: 'amd64', os.version: '10.0', java.version: '1.8.0_101'
Driver info: driver.version: RemoteWebDriver
Capabilities [{applicationCacheEnabled=false, rotatable=false, chrome={userDataDir=C:\Users\DEFAUL~2\AppData\Local\Temp\scoped_dir9040_2467}, takesHeapSnapshot=true, databaseEnabled=false, handlesAlerts=true, version=54.0.2840.99, platform=XP, browserConnectionEnabled=false, nativeEvents=true, acceptSslCerts=true, locationContextEnabled=true, webStorageEnabled=true, browserName=chrome, takesScreenshot=true, javascriptEnabled=true, cssSelectorsEnabled=true}]
Session ID: a96e3c672e571582edbf8af7bb3d0214
	at org.openqa.selenium.remote.RemoteWebDriver.execute(RemoteWebDriver.java:665)
	at org.openqa.selenium.remote.RemoteWebDriver$RemoteWebDriverOptions$RemoteWindow.maximize(RemoteWebDriver.java:945)
	at com.ahmadzia.targetWebSiteTest.AppTest$ATUReporterSampleTests.setUp(AppTest.java:63)
	at sun.reflect.NativeMethodAccessorImpl.invoke0(Native Method)
	at sun.reflect.NativeMethodAccessorImpl.invoke(NativeMethodAccessorImpl.java:62)
	at sun.reflect.DelegatingMethodAccessorImpl.invoke(DelegatingMethodAccessorImpl.java:43)
	at java.lang.reflect.Method.invoke(Method.java:498)
	at org.testng.internal.MethodInvocationHelper.invokeMethod(MethodInvocationHelper.java:85)
	at org.testng.internal.Invoker.invokeConfigurationMethod(Invoker.java:510)
	at org.testng.internal.Invoker.invokeConfigurations(Invoker.java:211)
	at org.testng.internal.Invoker.invokeConfigurations(Invoker.java:138)
	at org.testng.TestRunner.beforeRun(TestRunner.java:648)
	at org.testng.TestRunner.run(TestRunner.java:616)
	at org.testng.SuiteRunner.runTest(SuiteRunner.java:359)
	at org.testng.SuiteRunner.runSequentially(SuiteRunner.java:354)
	at org.testng.SuiteRunner.privateRun(SuiteRunner.java:312)
	at org.testng.SuiteRunner.run(SuiteRunner.java:261)
	at org.testng.SuiteRunnerWorker.runSuite(SuiteRunnerWorker.java:52)
	at org.testng.SuiteRunnerWorker.run(SuiteRunnerWorker.java:86)
	at org.testng.TestNG.runSuitesSequentially(TestNG.java:1191)
	at org.testng.TestNG.runSuitesLocally(TestNG.java:1116)
	at org.testng.TestNG.run(TestNG.java:1024)
	at org.apache.maven.surefire.testng.TestNGExecutor.run(TestNGExecutor.java:77)
	at org.apache.maven.surefire.testng.TestNGDirectoryTestSuite.execute(TestNGDirectoryTestSuite.java:110)
	at org.apache.maven.surefire.testng.TestNGProvider.invoke(TestNGProvider.java:106)
	at sun.reflect.NativeMethodAccessorImpl.invoke0(Native Method)
	at sun.reflect.NativeMethodAccessorImpl.invoke(NativeMethodAccessorImpl.java:62)
	at sun.reflect.DelegatingMethodAccessorImpl.invoke(DelegatingMethodAccessorImpl.java:43)
	at java.lang.reflect.Method.invoke(Method.java:498)
	at org.apache.maven.surefire.util.ReflectionUtils.invokeMethodWithArray(ReflectionUtils.java:189)
	at org.apache.maven.surefire.booter.ProviderFactory$ProviderProxy.invoke(ProviderFactory.java:165)
	at org.apache.maven.surefire.booter.ProviderFactory.invokeProvider(ProviderFactory.java:85)
	at org.apache.maven.surefire.booter.ForkedBooter.runSuitesInProcess(ForkedBooter.java:115)
	at org.apache.maven.surefire.booter.ForkedBooter.main(ForkedBooter.java:75)
Caused by: org.openqa.selenium.WebDriverException: org.apache.http.conn.HttpHostConnectException: Connect to localhost:47930 [localhost/127.0.0.1, localhost/0:0:0:0:0:0:0:1] failed: Connection refused: connect
Build info: version: '2.53.1', revision: 'a36b8b1cd5757287168e54b817830adce9b0158d', time: '2016-06-30 19:26:09'
System info: host: 'AhmadZia', ip: '192.168.133.2', os.name: 'Windows 10', os.arch: 'amd64', os.version: '10.0', java.version: '1.8.0_101'
Driver info: driver.version: RemoteWebDriver
	at org.openqa.selenium.remote.service.DriverCommandExecutor.execute(DriverCommandExecutor.java:91)
	at org.openqa.selenium.remote.RemoteWebDriver.execute(RemoteWebDriver.java:644)
	... 33 more
Caused by: org.apache.http.conn.HttpHostConnectException: Connect to localhost:47930 [localhost/127.0.0.1, localhost/0:0:0:0:0:0:0:1] failed: Connection refused: connect
	at org.apache.http.impl.conn.DefaultHttpClientConnectionOperator.connect(DefaultHttpClientConnectionOperator.java:151)
	at org.apache.http.impl.conn.PoolingHttpClientConnectionManager.connect(PoolingHttpClientConnectionManager.java:353)
	at org.apache.http.impl.execchain.MainClientExec.establishRoute(MainClientExec.java:380)
	at org.apache.http.impl.execchain.MainClientExec.execute(MainClientExec.java:236)
	at org.apache.http.impl.execchain.ProtocolExec.execute(ProtocolExec.java:184)
	at org.apache.http.impl.execchain.RetryExec.execute(RetryExec.java:88)
	at org.apache.http.impl.execchain.RedirectExec.execute(RedirectExec.java:110)
	at org.apache.http.impl.client.InternalHttpClient.doExecute(InternalHttpClient.java:184)
	at org.apache.http.impl.client.CloseableHttpClient.execute(CloseableHttpClient.java:71)
	at org.apache.http.impl.client.CloseableHttpClient.execute(CloseableHttpClient.java:55)
	at org.openqa.selenium.remote.internal.ApacheHttpClient.fallBackExecute(ApacheHttpClient.java:144)
	at org.openqa.selenium.remote.internal.ApacheHttpClient.execute(ApacheHttpClient.java:90)
	at org.openqa.selenium.remote.HttpCommandExecutor.execute(HttpCommandExecutor.java:142)
	at org.openqa.selenium.remote.service.DriverCommandExecutor.execute(DriverCommandExecutor.java:82)
	... 34 more
Caused by: java.net.ConnectException: Connection refused: connect
	at java.net.DualStackPlainSocketImpl.waitForConnect(Native Method)
	at java.net.DualStackPlainSocketImpl.socketConnect(DualStackPlainSocketImpl.java:85)
	at java.net.AbstractPlainSocketImpl.doConnect(AbstractPlainSocketImpl.java:350)
	at java.net.AbstractPlainSocketImpl.connectToAddress(AbstractPlainSocketImpl.java:206)
	at java.net.AbstractPlainSocketImpl.connect(AbstractPlainSocketImpl.java:188)
	at java.net.PlainSocketImpl.connect(PlainSocketImpl.java:172)
	at java.net.SocksSocketImpl.connect(SocksSocketImpl.java:392)
	at java.net.Socket.connect(Socket.java:589)
	at org.apache.http.conn.socket.PlainConnectionSocketFactory.connectSocket(PlainConnectionSocketFactory.java:74)
	at org.apache.http.impl.conn.DefaultHttpClientConnectionOperator.connect(DefaultHttpClientConnectionOperator.java:134)
	... 47 more
]]>
            </full-stacktrace>
          </exception> <!-- org.openqa.selenium.remote.UnreachableBrowserException -->
          <reporter-output>
          </reporter-output>
        </test-method> <!-- setUp -->
        <test-method status="SKIP" signature="OpenWebPage_AddFirstItem()[pri:0, instance:com.ahmadzia.targetWebSiteTest.AppTest$ATUReporterSampleTests@59e84876]" name="OpenWebPage_AddFirstItem" duration-ms="2008" started-at="2016-12-02T22:19:15Z" finished-at="2016-12-02T22:19:17Z">
          <reporter-output>
          </reporter-output>
        </test-method> <!-- OpenWebPage_AddFirstItem -->
        <test-method status="SKIP" signature="CheckCartQuantity()[pri:1, instance:com.ahmadzia.targetWebSiteTest.AppTest$ATUReporterSampleTests@59e84876]" name="CheckCartQuantity" duration-ms="2016" started-at="2016-12-02T22:19:17Z" finished-at="2016-12-02T22:19:19Z">
          <reporter-output>
          </reporter-output>
        </test-method> <!-- CheckCartQuantity -->
        <test-method status="SKIP" signature="SearchFirstItemAndAddIt()[pri:2, instance:com.ahmadzia.targetWebSiteTest.AppTest$ATUReporterSampleTests@59e84876]" name="SearchFirstItemAndAddIt" duration-ms="2020" started-at="2016-12-02T22:19:19Z" finished-at="2016-12-02T22:19:21Z">
          <reporter-output>
          </reporter-output>
        </test-method> <!-- SearchFirstItemAndAddIt -->
        <test-method status="SKIP" signature="IncreaseQuantity()[pri:3, instance:com.ahmadzia.targetWebSiteTest.AppTest$ATUReporterSampleTests@59e84876]" name="IncreaseQuantity" duration-ms="2025" started-at="2016-12-02T22:19:21Z" finished-at="2016-12-02T22:19:23Z">
          <reporter-output>
          </reporter-output>
        </test-method> <!-- IncreaseQuantity -->
        <test-method status="SKIP" signature="DecreaseQuantity()[pri:4, instance:com.ahmadzia.targetWebSiteTest.AppTest$ATUReporterSampleTests@59e84876]" name="DecreaseQuantity" duration-ms="2015" started-at="2016-12-02T22:19:23Z" finished-at="2016-12-02T22:19:25Z">
          <reporter-output>
          </reporter-output>
        </test-method> <!-- DecreaseQuantity -->
        <test-method status="SKIP" signature="RemoveFromCart()[pri:5, instance:com.ahmadzia.targetWebSiteTest.AppTest$ATUReporterSampleTests@59e84876]" name="RemoveFromCart" duration-ms="2026" started-at="2016-12-02T22:19:25Z" finished-at="2016-12-02T22:19:27Z">
          <reporter-output>
          </reporter-output>
        </test-method> <!-- RemoveFromCart -->
        <test-method status="SKIP" signature="SearchSecondItem()[pri:6, instance:com.ahmadzia.targetWebSiteTest.AppTest$ATUReporterSampleTests@59e84876]" name="SearchSecondItem" duration-ms="2019" started-at="2016-12-02T22:19:27Z" finished-at="2016-12-02T22:19:29Z">
          <reporter-output>
          </reporter-output>
        </test-method> <!-- SearchSecondItem -->
        <test-method status="SKIP" signature="AddSecondItem()[pri:7, instance:com.ahmadzia.targetWebSiteTest.AppTest$ATUReporterSampleTests@59e84876]" name="AddSecondItem" duration-ms="2008" started-at="2016-12-02T22:19:29Z" finished-at="2016-12-02T22:19:31Z">
          <reporter-output>
          </reporter-output>
        </test-method> <!-- AddSecondItem -->
        <test-method status="SKIP" signature="IncreaseDecreaseSecondItem()[pri:8, instance:com.ahmadzia.targetWebSiteTest.AppTest$ATUReporterSampleTests@59e84876]" name="IncreaseDecreaseSecondItem" duration-ms="2015" started-at="2016-12-02T22:19:31Z" finished-at="2016-12-02T22:19:33Z">
          <reporter-output>
          </reporter-output>
        </test-method> <!-- IncreaseDecreaseSecondItem -->
        <test-method status="SKIP" signature="SearchThirdItem()[pri:9, instance:com.ahmadzia.targetWebSiteTest.AppTest$ATUReporterSampleTests@59e84876]" name="SearchThirdItem" duration-ms="2007" started-at="2016-12-02T22:19:33Z" finished-at="2016-12-02T22:19:35Z">
          <reporter-output>
          </reporter-output>
        </test-method> <!-- SearchThirdItem -->
        <test-method status="SKIP" signature="AddThirdItem()[pri:10, instance:com.ahmadzia.targetWebSiteTest.AppTest$ATUReporterSampleTests@59e84876]" name="AddThirdItem" duration-ms="2028" started-at="2016-12-02T22:19:35Z" finished-at="2016-12-02T22:19:37Z">
          <reporter-output>
          </reporter-output>
        </test-method> <!-- AddThirdItem -->
        <test-method status="SKIP" signature="ReadyToCheckOut()[pri:11, instance:com.ahmadzia.targetWebSiteTest.AppTest$ATUReporterSampleTests@59e84876]" name="ReadyToCheckOut" duration-ms="2005" started-at="2016-12-02T22:19:37Z" finished-at="2016-12-02T22:19:39Z">
          <reporter-output>
          </reporter-output>
        </test-method> <!-- ReadyToCheckOut -->
        <test-method status="SKIP" signature="CheckOutAsGuest()[pri:12, instance:com.ahmadzia.targetWebSiteTest.AppTest$ATUReporterSampleTests@59e84876]" name="CheckOutAsGuest" duration-ms="2006" started-at="2016-12-02T22:19:39Z" finished-at="2016-12-02T22:19:41Z">
          <reporter-output>
          </reporter-output>
        </test-method> <!-- CheckOutAsGuest -->
        <test-method status="SKIP" signature="ReadExcel()[pri:13, instance:com.ahmadzia.targetWebSiteTest.AppTest$ATUReporterSampleTests@59e84876]" name="ReadExcel" duration-ms="2018" started-at="2016-12-02T22:19:41Z" finished-at="2016-12-02T22:19:43Z">
          <reporter-output>
          </reporter-output>
        </test-method> <!-- ReadExcel -->
        <test-method status="SKIP" signature="SaveContinous()[pri:14, instance:com.ahmadzia.targetWebSiteTest.AppTest$ATUReporterSampleTests@59e84876]" name="SaveContinous" duration-ms="2038" started-at="2016-12-02T22:19:43Z" finished-at="2016-12-02T22:19:45Z">
          <reporter-output>
          </reporter-output>
        </test-method> <!-- SaveContinous -->
        <test-method status="SKIP" signature="InsertCreditCardNum()[pri:15, instance:com.ahmadzia.targetWebSiteTest.AppTest$ATUReporterSampleTests@59e84876]" name="InsertCreditCardNum" duration-ms="2036" started-at="2016-12-02T22:19:45Z" finished-at="2016-12-02T22:19:47Z">
          <reporter-output>
          </reporter-output>
        </test-method> <!-- InsertCreditCardNum -->
        <test-method status="SKIP" signature="tearDown()[pri:0, instance:com.ahmadzia.targetWebSiteTest.AppTest$ATUReporterSampleTests@59e84876]" name="tearDown" is-config="true" duration-ms="0" started-at="2016-12-02T22:19:47Z" finished-at="2016-12-02T22:19:47Z">
          <reporter-output>
          </reporter-output>
        </test-method> <!-- tearDown -->
      </class> <!-- com.ahmadzia.targetWebSiteTest.AppTest$ATUReporterSampleTests -->
    </test> <!-- Command line test -->
  </suite> <!-- com.ahmadzia.targetWebSiteTest.AppTest -->
</testng-results>
