<!DOCTYPE html PUBLIC "-//W3C//DTD XHTML 1.1//EN" "http://www.w3.org/TR/xhtml11/DTD/xhtml11.dtd">
<html xmlns="http://www.w3.org/1999/xhtml"><head><title>TestNG Report</title><style type="text/css">table {margin-bottom:10px;border-collapse:collapse;empty-cells:show}th,td {border:1px solid #009;padding:.25em .5em}th {vertical-align:bottom}td {vertical-align:top}table a {font-weight:bold}.stripe td {background-color: #E6EBF9}.num {text-align:right}.passedodd td {background-color: #3F3}.passedeven td {background-color: #0A0}.skippedodd td {background-color: #DDD}.skippedeven td {background-color: #CCC}.failedodd td,.attn {background-color: #F33}.failedeven td,.stripe .attn {background-color: #D00}.stacktrace {white-space:pre;font-family:monospace}.totop {font-size:85%;text-align:center;border-bottom:2px solid #000}</style></head><body><table><tr><th>Test</th><th># Passed</th><th># Skipped</th><th># Failed</th><th>Time (ms)</th><th>Included Groups</th><th>Excluded Groups</th></tr><tr><th colspan="7">Default suite</th></tr><tr><td><a href="#t0">Default test</a></td><td class="num">16</td><td class="num">0</td><td class="num">0</td><td class="num">65,246</td><td></td><td></td></tr></table><table><thead><tr><th>Class</th><th>Method</th><th>Start</th><th>Time (ms)</th></tr></thead><tbody><tr><th colspan="4">Default suite</th></tr></tbody><tbody id="t0"><tr><th colspan="4">Default test &#8212; failed (configuration methods)</th></tr><tr class="failedeven"><td rowspan="1">com.ahmadzia.targetWebSiteTest.AppTest$ATUReporterSampleTests</td><td><a href="#m0">tearDown</a></td><td rowspan="1">1484279275878</td><td rowspan="1">0</td></tr><tr><th colspan="4">Default test &#8212; passed</th></tr><tr class="passedeven"><td rowspan="16">com.ahmadzia.targetWebSiteTest.AppTest$ATUReporterSampleTests</td><td><a href="#m1">AddSecondItem</a></td><td rowspan="1">1484279238982</td><td rowspan="1">4983</td></tr><tr class="passedeven"><td><a href="#m2">AddThirdItem</a></td><td rowspan="1">1484279252795</td><td rowspan="1">4766</td></tr><tr class="passedeven"><td><a href="#m3">CheckCartQuantity</a></td><td rowspan="1">1484279224935</td><td rowspan="1">272</td></tr><tr class="passedeven"><td><a href="#m4">CheckOutAsGuest</a></td><td rowspan="1">1484279260448</td><td rowspan="1">4362</td></tr><tr class="passedeven"><td><a href="#m5">DecreaseQuantity</a></td><td rowspan="1">1484279233702</td><td rowspan="1">2732</td></tr><tr class="passedeven"><td><a href="#m6">IncreaseDecreaseSecondItem</a></td><td rowspan="1">1484279243967</td><td rowspan="1">8105</td></tr><tr class="passedeven"><td><a href="#m7">IncreaseQuantity</a></td><td rowspan="1">1484279229845</td><td rowspan="1">3851</td></tr><tr class="passedeven"><td><a href="#m8">InsertCreditCardNum</a></td><td rowspan="1">1484279273386</td><td rowspan="1">2492</td></tr><tr class="passedeven"><td><a href="#m9">OpenWebPage_AddFirstItem</a></td><td rowspan="1">1484279221071</td><td rowspan="1">3860</td></tr><tr class="passedeven"><td><a href="#m10">ReadExcel</a></td><td rowspan="1">1484279264811</td><td rowspan="1">5788</td></tr><tr class="passedeven"><td><a href="#m11">ReadyToCheckOut</a></td><td rowspan="1">1484279257563</td><td rowspan="1">2883</td></tr><tr class="passedeven"><td><a href="#m12">RemoveFromCart</a></td><td rowspan="1">1484279236435</td><td rowspan="1">388</td></tr><tr class="passedeven"><td><a href="#m13">SaveContinous</a></td><td rowspan="1">1484279270601</td><td rowspan="1">2784</td></tr><tr class="passedeven"><td><a href="#m14">SearchFirstItemAndAddIt</a></td><td rowspan="1">1484279225211</td><td rowspan="1">4631</td></tr><tr class="passedeven"><td><a href="#m15">SearchSecondItem</a></td><td rowspan="1">1484279236827</td><td rowspan="1">2152</td></tr><tr class="passedeven"><td><a href="#m16">SearchThirdItem</a></td><td rowspan="1">1484279252073</td><td rowspan="1">719</td></tr></tbody></table><h2>Default test</h2><h3 id="m0">com.ahmadzia.targetWebSiteTest.AppTest$ATUReporterSampleTests#tearDown</h3><table class="result"><tr><th>Exception</th></tr><tr><td><div class="stacktrace">org.openqa.selenium.remote.UnreachableBrowserException: Error communicating with the remote browser. It may have died.
Build info: version: &apos;3.0.0-beta2&apos;, revision: &apos;2aa21c1&apos;, time: &apos;2016-08-02 15:03:28 -0700&apos;
System info: host: &apos;AhmadZia&apos;, ip: &apos;192.168.133.2&apos;, os.name: &apos;Windows 10&apos;, os.arch: &apos;amd64&apos;, os.version: &apos;10.0&apos;, java.version: &apos;1.8.0_111&apos;
Driver info: driver.version: RemoteWebDriver
Capabilities [{rotatable=false, raisesAccessibilityExceptions=false, appBuildId=20161208153507, version=, platform=XP, proxy={}, command_id=1, specificationLevel=0, acceptSslCerts=false, processId=9172, browserVersion=50.1.0, platformVersion=10.0, XULappId={ec8030f7-c20a-464f-9b0e-13a3a9e97384}, browserName=firefox, takesScreenshot=true, takesElementScreenshot=true, platformName=windows_nt}]
Session ID: c087deb9-9960-4e27-a126-58337a3a9071
	at org.openqa.selenium.remote.RemoteWebDriver.execute(RemoteWebDriver.java:670)
	at org.openqa.selenium.remote.RemoteWebDriver.execute(RemoteWebDriver.java:706)
	at org.openqa.selenium.remote.RemoteWebDriver.quit(RemoteWebDriver.java:531)
	at com.ahmadzia.targetWebSiteTest.AppTest$ATUReporterSampleTests.tearDown(AppTest.java:68)
	at sun.reflect.NativeMethodAccessorImpl.invoke0(Native Method)
	at sun.reflect.NativeMethodAccessorImpl.invoke(Unknown Source)
	at sun.reflect.DelegatingMethodAccessorImpl.invoke(Unknown Source)
	at java.lang.reflect.Method.invoke(Unknown Source)
	at org.testng.internal.MethodInvocationHelper.invokeMethod(MethodInvocationHelper.java:100)
	at org.testng.internal.Invoker.invokeConfigurationMethod(Invoker.java:515)
	at org.testng.internal.Invoker.invokeConfigurations(Invoker.java:216)
	at org.testng.internal.Invoker.invokeConfigurations(Invoker.java:143)
	at org.testng.TestRunner.afterRun(TestRunner.java:980)
	at org.testng.TestRunner.run(TestRunner.java:611)
	at org.testng.SuiteRunner.runTest(SuiteRunner.java:368)
	at org.testng.SuiteRunner.runSequentially(SuiteRunner.java:363)
	at org.testng.SuiteRunner.privateRun(SuiteRunner.java:321)
	at org.testng.SuiteRunner.run(SuiteRunner.java:270)
	at org.testng.SuiteRunnerWorker.runSuite(SuiteRunnerWorker.java:52)
	at org.testng.SuiteRunnerWorker.run(SuiteRunnerWorker.java:86)
	at org.testng.TestNG.runSuitesSequentially(TestNG.java:1284)
	at org.testng.TestNG.runSuitesLocally(TestNG.java:1209)
	at org.testng.TestNG.runSuites(TestNG.java:1124)
	at org.testng.TestNG.run(TestNG.java:1096)
	at org.testng.remote.AbstractRemoteTestNG.run(AbstractRemoteTestNG.java:132)
	at org.testng.remote.RemoteTestNG.initAndRun(RemoteTestNG.java:236)
	at org.testng.remote.RemoteTestNG.main(RemoteTestNG.java:81)
Caused by: java.lang.IllegalStateException: UnixUtils may not be used on Windows
	at org.openqa.selenium.os.ProcessUtils.getProcessId(ProcessUtils.java:188)
	at org.openqa.selenium.os.UnixProcess$SeleniumWatchDog.getPID(UnixProcess.java:222)
	at org.openqa.selenium.os.UnixProcess$SeleniumWatchDog.access$300(UnixProcess.java:201)
	at org.openqa.selenium.os.UnixProcess.destroy(UnixProcess.java:132)
	at org.openqa.selenium.os.CommandLine.destroy(CommandLine.java:155)
	at org.openqa.selenium.remote.service.DriverService.stop(DriverService.java:196)
	at org.openqa.selenium.remote.service.DriverCommandExecutor.execute(DriverCommandExecutor.java:94)
	at org.openqa.selenium.remote.RemoteWebDriver.execute(RemoteWebDriver.java:649)
	... 26 more
</div></td></tr></table><p class="totop"><a href="#summary">back to summary</a></p><h3 id="m1">com.ahmadzia.targetWebSiteTest.AppTest$ATUReporterSampleTests#AddSecondItem</h3><table class="result"></table><p class="totop"><a href="#summary">back to summary</a></p><h3 id="m2">com.ahmadzia.targetWebSiteTest.AppTest$ATUReporterSampleTests#AddThirdItem</h3><table class="result"></table><p class="totop"><a href="#summary">back to summary</a></p><h3 id="m3">com.ahmadzia.targetWebSiteTest.AppTest$ATUReporterSampleTests#CheckCartQuantity</h3><table class="result"></table><p class="totop"><a href="#summary">back to summary</a></p><h3 id="m4">com.ahmadzia.targetWebSiteTest.AppTest$ATUReporterSampleTests#CheckOutAsGuest</h3><table class="result"></table><p class="totop"><a href="#summary">back to summary</a></p><h3 id="m5">com.ahmadzia.targetWebSiteTest.AppTest$ATUReporterSampleTests#DecreaseQuantity</h3><table class="result"></table><p class="totop"><a href="#summary">back to summary</a></p><h3 id="m6">com.ahmadzia.targetWebSiteTest.AppTest$ATUReporterSampleTests#IncreaseDecreaseSecondItem</h3><table class="result"></table><p class="totop"><a href="#summary">back to summary</a></p><h3 id="m7">com.ahmadzia.targetWebSiteTest.AppTest$ATUReporterSampleTests#IncreaseQuantity</h3><table class="result"></table><p class="totop"><a href="#summary">back to summary</a></p><h3 id="m8">com.ahmadzia.targetWebSiteTest.AppTest$ATUReporterSampleTests#InsertCreditCardNum</h3><table class="result"></table><p class="totop"><a href="#summary">back to summary</a></p><h3 id="m9">com.ahmadzia.targetWebSiteTest.AppTest$ATUReporterSampleTests#OpenWebPage_AddFirstItem</h3><table class="result"></table><p class="totop"><a href="#summary">back to summary</a></p><h3 id="m10">com.ahmadzia.targetWebSiteTest.AppTest$ATUReporterSampleTests#ReadExcel</h3><table class="result"></table><p class="totop"><a href="#summary">back to summary</a></p><h3 id="m11">com.ahmadzia.targetWebSiteTest.AppTest$ATUReporterSampleTests#ReadyToCheckOut</h3><table class="result"></table><p class="totop"><a href="#summary">back to summary</a></p><h3 id="m12">com.ahmadzia.targetWebSiteTest.AppTest$ATUReporterSampleTests#RemoveFromCart</h3><table class="result"></table><p class="totop"><a href="#summary">back to summary</a></p><h3 id="m13">com.ahmadzia.targetWebSiteTest.AppTest$ATUReporterSampleTests#SaveContinous</h3><table class="result"></table><p class="totop"><a href="#summary">back to summary</a></p><h3 id="m14">com.ahmadzia.targetWebSiteTest.AppTest$ATUReporterSampleTests#SearchFirstItemAndAddIt</h3><table class="result"></table><p class="totop"><a href="#summary">back to summary</a></p><h3 id="m15">com.ahmadzia.targetWebSiteTest.AppTest$ATUReporterSampleTests#SearchSecondItem</h3><table class="result"></table><p class="totop"><a href="#summary">back to summary</a></p><h3 id="m16">com.ahmadzia.targetWebSiteTest.AppTest$ATUReporterSampleTests#SearchThirdItem</h3><table class="result"></table><p class="totop"><a href="#summary">back to summary</a></p></body></html>