<?xml version="1.0" encoding="UTF-8"?>
<!-- Generated by org.testng.reporters.JUnitReportReporter -->
<testsuite skipped="16" hostname="AhmadZia" name="com.ahmadzia.targetWebSiteTest.AppTest" tests="17" failures="0" timestamp="21 Oct 2016 01:39:43 GMT" time="0.018" errors="1">
  <testcase name="CheckOutAsGuest" time="0.001" classname="com.ahmadzia.targetWebSiteTest.AppTest">
    <skipped/>
  </testcase> <!-- CheckOutAsGuest -->
  <testcase name="SearchSecondItem" time="0.001" classname="com.ahmadzia.targetWebSiteTest.AppTest">
    <skipped/>
  </testcase> <!-- SearchSecondItem -->
  <testcase name="CheckCartQuantity" time="0.001" classname="com.ahmadzia.targetWebSiteTest.AppTest">
    <skipped/>
  </testcase> <!-- CheckCartQuantity -->
  <testcase name="setUp" time="0.000" classname="com.ahmadzia.targetWebSiteTest.AppTest">
    <error type="java.lang.IllegalStateException" message="The path to the driver executable must be set by the webdriver.chrome.driver system property; for more information, see http://code.google.com/p/selenium/wiki/ChromeDriver. The latest version can be downloaded from http://chromedriver.storage.googleapis.com/index.html">
      <![CDATA[java.lang.IllegalStateException: The path to the driver executable must be set by the webdriver.chrome.driver system property; for more information, see http://code.google.com/p/selenium/wiki/ChromeDriver. The latest version can be downloaded from http://chromedriver.storage.googleapis.com/index.html
	at com.google.common.base.Preconditions.checkState(Preconditions.java:197)
	at org.openqa.selenium.remote.service.DriverService.findExecutable(DriverService.java:110)
	at org.openqa.selenium.chrome.ChromeDriverService.access$000(ChromeDriverService.java:32)
	at org.openqa.selenium.chrome.ChromeDriverService$Builder.findDefaultExecutable(ChromeDriverService.java:118)
	at org.openqa.selenium.remote.service.DriverService$Builder.build(DriverService.java:291)
	at org.openqa.selenium.chrome.ChromeDriverService.createDefaultService(ChromeDriverService.java:82)
	at org.openqa.selenium.chrome.ChromeDriver.<init>(ChromeDriver.java:117)
	at com.ahmadzia.targetWebSiteTest.AppTest.setUp(AppTest.java:39)
	at sun.reflect.NativeMethodAccessorImpl.invoke0(Native Method)
	at sun.reflect.NativeMethodAccessorImpl.invoke(Unknown Source)
	at sun.reflect.DelegatingMethodAccessorImpl.invoke(Unknown Source)
	at java.lang.reflect.Method.invoke(Unknown Source)
	at org.testng.internal.MethodInvocationHelper.invokeMethod(MethodInvocationHelper.java:100)
	at org.testng.internal.Invoker.invokeConfigurationMethod(Invoker.java:515)
	at org.testng.internal.Invoker.invokeConfigurations(Invoker.java:216)
	at org.testng.internal.Invoker.invokeConfigurations(Invoker.java:143)
	at org.testng.TestRunner.beforeRun(TestRunner.java:631)
	at org.testng.TestRunner.run(TestRunner.java:599)
	at org.testng.SuiteRunner.runTest(SuiteRunner.java:368)
	at org.testng.SuiteRunner.runSequentially(SuiteRunner.java:363)
	at org.testng.SuiteRunner.privateRun(SuiteRunner.java:321)
	at org.testng.SuiteRunner.run(SuiteRunner.java:270)
	at org.testng.SuiteRunnerWorker.runSuite(SuiteRunnerWorker.java:52)
	at org.testng.SuiteRunnerWorker.run(SuiteRunnerWorker.java:86)
	at org.testng.TestNG.runSuitesSequentially(TestNG.java:1284)
	at org.testng.TestNG.runSuitesLocally(TestNG.java:1209)
	at org.testng.TestNG.runSuites(TestNG.java:1124)
	at org.testng.TestNG.run(TestNG.java:1096)
	at org.testng.remote.AbstractRemoteTestNG.run(AbstractRemoteTestNG.java:132)
	at org.testng.remote.RemoteTestNG.initAndRun(RemoteTestNG.java:236)
	at org.testng.remote.RemoteTestNG.main(RemoteTestNG.java:81)
]]>
    </error>
  </testcase> <!-- setUp -->
  <testcase name="DecreaseQuantity" time="0.002" classname="com.ahmadzia.targetWebSiteTest.AppTest">
    <skipped/>
  </testcase> <!-- DecreaseQuantity -->
  <testcase name="SearchFirstItemAndAddIt" time="0.001" classname="com.ahmadzia.targetWebSiteTest.AppTest">
    <skipped/>
  </testcase> <!-- SearchFirstItemAndAddIt -->
  <testcase name="OpenWebPage_AddFirstItem" time="0.001" classname="com.ahmadzia.targetWebSiteTest.AppTest">
    <skipped/>
  </testcase> <!-- OpenWebPage_AddFirstItem -->
  <testcase name="SaveContinous" time="0.001" classname="com.ahmadzia.targetWebSiteTest.AppTest">
    <skipped/>
  </testcase> <!-- SaveContinous -->
  <testcase name="InsertCreditCardNum" time="0.002" classname="com.ahmadzia.targetWebSiteTest.AppTest">
    <skipped/>
  </testcase> <!-- InsertCreditCardNum -->
  <testcase name="ReadyToCheckOut" time="0.001" classname="com.ahmadzia.targetWebSiteTest.AppTest">
    <skipped/>
  </testcase> <!-- ReadyToCheckOut -->
  <testcase name="IncreaseDecreaseSecondItem" time="0.001" classname="com.ahmadzia.targetWebSiteTest.AppTest">
    <skipped/>
  </testcase> <!-- IncreaseDecreaseSecondItem -->
  <testcase name="IncreaseQuantity" time="0.001" classname="com.ahmadzia.targetWebSiteTest.AppTest">
    <skipped/>
  </testcase> <!-- IncreaseQuantity -->
  <testcase name="SearchThirdItem" time="0.001" classname="com.ahmadzia.targetWebSiteTest.AppTest">
    <skipped/>
  </testcase> <!-- SearchThirdItem -->
  <testcase name="RemoveFromCart" time="0.001" classname="com.ahmadzia.targetWebSiteTest.AppTest">
    <skipped/>
  </testcase> <!-- RemoveFromCart -->
  <testcase name="ReadExcel" time="0.001" classname="com.ahmadzia.targetWebSiteTest.AppTest">
    <skipped/>
  </testcase> <!-- ReadExcel -->
  <testcase name="AddSecondItem" time="0.001" classname="com.ahmadzia.targetWebSiteTest.AppTest">
    <skipped/>
  </testcase> <!-- AddSecondItem -->
  <testcase name="AddThirdItem" time="0.001" classname="com.ahmadzia.targetWebSiteTest.AppTest">
    <skipped/>
  </testcase> <!-- AddThirdItem -->
</testsuite> <!-- com.ahmadzia.targetWebSiteTest.AppTest -->
